|SourceProjectName:help_sisbol.hpr
|DestinationProjectName:help_sisbol.htm
whhost.js
whmsg.js
whmozemu.js
whproxy.js
whstub.js
whutils.js
whver.js
whform.js
whphost.js
whstart.js
whtopic.js
whframes.js
whlang.js
whskin_info.htm
whskin_blank.htm
whskin_pickup.htm
whskin_homepage.htm
whskin_tw.htm
whnjs.htm
whthost.js
whtdhtml.htm
whihost.js
whibody.htm
whiform.htm
whfhost.js
whfbody.htm
whfform.htm
whghost.js
whgbody.htm
whgdhtml.htm
whgdef.htm
whproj.js
whproj.xml
whproj.htm
whxdata\whtoc.xml
whxdata\whidx.xml
whxdata\whfts.xml
whxdata\whglo.xml
whdata\whtoc.js
whdata\whtoc.htm
whdata\whtdata.js
whdata\whidx.js
whdata\whidx.htm
whdata\whidata.js
whdata\whfts.js
whdata\whfts.htm
whdata\whglo.js
whdata\whglo.htm
whdata\whgdata.js
whdata\whftdata.js
whdata\whfwdata.js
whres.xml
WebHelp.jar
WebHelp.cab
whgdata\whnvp30.htm
whgdata\whnvp31.htm
whgdata\whnvp32.htm
whgdata\whnvp33.htm
whgdata\whnvt30.htm
whgdata\whnvt31.htm
whgdata\whnvt32.htm
whgdata\whnvt33.htm
whgdata\whnvf30.htm
whgdata\whnvf31.htm
whgdata\whnvf32.htm
whgdata\whnvf33.htm
whgdata\whnvl31.htm
whgdata\whnvl32.htm
whgdata\whnvl33.htm
whgdata\whexpbar.gif
cshdat_webhelp.htm
whcsh_home.htm
whcshdata.htm
cshdat_robohelp.htm
whd_home.htm
whd_topic.xml
whd_nvp10.htm
whd_nvp20.htm
whd_tabs.htm
whd_dpns.htm
whd_tab0.gif
whd_tab1.gif
whd_tab2.gif
whd_tab3.gif
whd_tab4.gif
whd_tab5.gif
whd_tab6.gif
whd_tab7.gif
whd_tab8.gif
whd_toc1.gif
whd_toc2.gif
whd_toc3.gif
whd_toc4.gif
whd_show0.gif
whd_show1.gif
whd_show2.gif
whd_hide0.gif
whd_hide1.gif
whd_hide2.gif
whd_sync0.gif
whd_sync1.gif
whd_sync2.gif
whd_prev0.gif
whd_prev1.gif
whd_prev2.gif
whd_next0.gif
whd_next1.gif
whd_next2.gif
whd_wbsh0.gif
whd_wbsh1.gif
whd_wbsh2.gif
whidhtml.htm
whfdhtml.htm
help_sisbol_hha.hhk
help_sisbol.hhc
help_sisbol.hhk
Acesso_ao_Sisbol.htm
Aprovar__Cancelar_Altera__es.htm
Baixar_Altera__es_Geradas.htm
Boletins__Aprovar.htm
Boletins__Assinar.htm
Boletins__Baixar_Boletim_Gerado.htm
Boletins__Cancelar_Assinatura.htm
Boletins__Em_elabora__o.htm
Boletins__Gerar__ndice.htm
Boletins__Ordenar_Mat_rias.htm
Boletins__Publique-se.htm
Boletins__Regerar_Boletim.htm
Cadastro_das_Se__es_de_Partes_do_Boletim.htm
Cadastro_de_Assunto_Espec_ficos.htm
Cadastro_de_Assunto_geral.htm
Cadastro_de_OM.htm
Cadastro_de_OM_Vincula__o.htm
Cadastro_de_Tipos_de_Documentos.htm
Cadastro_Fun__es.htm
Cadastro_Posto_Gradua__o.htm
Cadastro_SU_Div_Sec.htm
Cadastros.htm
Especiais__Configura__es.htm
Especiais__Encerrar_Ano.htm
Especiais__Gerar_Backup.htm
Especiais__Importar_Dados_M_dulo_E1.htm
Especiais__Perfil_do_Usu_rio.htm
Especiais__Perfil_por_Tipo_de_Boletim.htm
Especiais__Reastaurar__Apagar_backup.htm
Especiais__Reinicializar_Senha_do_Supervisor.htm
Especiais__Usu_rios.htm
First_Topic.htm
Gerar_Altera__es.htm
Gerar_Ficha_de_Identifica__o.htm
Iniciando_o_Sibol.htm
Introdu__o.htm
manual_basico_sisbol.htm
manual_sisbol.htm
Menu_Nota_para_Boletim_Em_Elabora__o.htm
Militares.htm
Nota_para_Boletim_Adicionar_em_Boletim.htm
Nota_para_Boletim_Aprovar_(CMT_CH_DIR).htm
Nota_para_Boletim_Aprovar_(SU_DIV_SEC).htm
Nota_para_Boletim_Excluir_do_BOletim.htm
Nota_para_Boletim_Observa__o.htm
Partes_do_Boletim.htm
Qualifica__o_Militar.htm
Sair.htm
Tabela.htm
Tempo_de_Servi_o.htm
Tipo_de_Boletim.htm
eHelp.xml
RoboHHRE.lng
help_sisbol.glo
default.css
image120.gif
image94.jpg
image83.jpg
image3.jpg
image142.gif
image220.gif
image91.gif
image286.gif
image80.gif
image175.gif
image131.gif
image164.gif
image153.gif
image297.gif
image231.gif
image253.gif
image242.gif
image275.gif
image95.jpg
image121.gif
image84.jpg
image73.jpg
image62.jpg
image1.gif
image110.gif
image176.gif
image70.gif
image143.gif
image221.gif
image210.gif
image92.gif
image287.gif
image81.gif
image132.gif
image165.gif
image154.gif
image265.gif
image40.jpg
image232.gif
image254.gif
image243.gif
image276.gif
image122.gif
image100.gif
image177.gif
image71.gif
image144.gif
image222.gif
image211.gif
image93.gif
image5.jpg
image82.gif
image60.gif
image133.gif
image111.gif
image155.gif
image166.gif
image30.jpg
image266.gif
image233.gif
image255.gif
image244.gif
image41.jpg
image277.gif
image2.gif
image189.gif
image134.gif
image123.gif
image86.jpg
image75.jpg
image50.gif
image278.gif
image64.jpg
image3.gif
image101.gif
image145.gif
image223.gif
image212.gif
image94.gif
image289.gif
image6.jpg
image83.gif
image20.jpg
image61.gif
image112.gif
image156.gif
image178.gif
image167.gif
image256.gif
image267.gif
image234.gif
image42.jpg
image245.gif
image87.jpg
image4.gif
image102.gif
image146.gif
image135.gif
image213.gif
image95.gif
image21.jpg
image10.jpg
image279.gif
image7.jpg
image84.gif
image62.gif
image124.gif
image113.gif
image157.gif
image168.gif
image268.gif
image235.gif
image246.gif
image114.gif
image103.gif
image88.jpg
image77.jpg
image74.gif
image55.jpg
image5.gif
image22.jpg
image269.gif
image136.gif
image214.gif
image96.gif
image8.jpg
image30.gif
image85.gif
image63.gif
image125.gif
image158.gif
image434.gif
image169.gif
image147.gif
image52.gif
image236.gif
image225.gif
image258.gif
image247.gif
image41.gif
image115.gif
image86.gif
image75.gif
image56.jpg
image6.gif
image104.gif
image137.gif
image215.gif
image97.gif
image20.gif
image31.gif
image53.gif
image64.gif
image126.gif
image42.gif
image159.gif
image148.gif
image226.gif
image45.jpg
image248.gif
image237.gif
image138.gif
image116.gif
image87.gif
image79.jpg
image32.gif
image10.gif
image7.gif
image105.gif
image65.gif
image216.gif
image98.gif
image21.gif
image54.gif
image127.gif
image24.jpg
image43.gif
image76.gif
image149.gif
image227.gif
image46.jpg
image249.gif
image238.gif
image13.jpg
image139.gif
image117.gif
image69.jpg
image44.gif
image106.gif
image66.gif
image25.jpg
image206.gif
image217.gif
image36.jpg
image99.gif
image33.gif
image11.gif
image22.gif
image88.gif
image77.gif
image55.gif
image128.gif
image14.jpg
image239.gif
image47.jpg
image89.gif
image12.gif
image15.jpg
image107.gif
image67.gif
image207.gif
image218.gif
image37.jpg
image34.gif
image23.gif
image78.gif
image56.gif
image129.gif
image26.jpg
image229.gif
image48.jpg
green_right.gif
image119.gif
image108.gif
image219.gif
image208.gif
image290.gif
image24.gif
image35.gif
image13.gif
image79.gif
image57.gif
image27.jpg
image49.jpg
image38.jpg
image109.gif
image69.gif
image209.gif
image291.gif
image280.gif
image25.gif
image14.gif
image36.gif
image58.gif
image17.jpg
image28.jpg
image39.jpg
image192.gif
image170.gif
image15.gif
image270.gif
image281.gif
image26.gif
image37.gif
image292.gif
image59.gif
image18.jpg
image29.jpg
image90.jpg
image282.gif
image16.gif
image293.gif
image27.gif
image38.gif
image409.gif
image160.gif
image171.gif
image260.gif
image183.gif
image161.gif
image272.gif
image17.gif
image28.gif
image294.gif
image39.gif
image172.gif
image150.gif
image250.gif
image283.gif
image92.jpg
image70.jpg
image29.gif
image18.gif
image1.jpg
image273.gif
image295.gif
image140.gif
ocean_arrow_bg.gif
image173.gif
image162.gif
image151.gif
image262.gif
image251.gif
image240.gif
image93.jpg
image174.gif
image82.jpg
image60.jpg
image2.jpg
image141.gif
image19.gif
image90.gif
image130.gif
image163.gif
image152.gif
image263.gif
image230.gif
image252.gif
image296.gif
image241.gif
image285.gif
image274.gif
ehlpdhtm.js
help_sisbol.ppf
whxdata\whtdata0.xml
whxdata\whftdata0.xml
whxdata\whfwdata0.xml
whdata\whtdata0.htm
whdata\whftdata0.htm
whdata\whfwdata0.htm
whgdata\whlstt0.htm
whgdata\whlsti0.htm
whgdata\whlstf0.htm
whgdata\whlstf1.htm
whgdata\whlstf2.htm
whgdata\whlstf3.htm
whgdata\whlstf4.htm
whgdata\whlstf5.htm
whgdata\whlstf6.htm
whgdata\whlstf7.htm
whgdata\whlstf8.htm
whgdata\whlstf9.htm
whgdata\whlstf10.htm
whgdata\whlstf11.htm
whgdata\whlstf12.htm
whgdata\whlstf13.htm
whgdata\whlstf14.htm
whgdata\whlstf15.htm
whgdata\whlstf16.htm
whgdata\whlstf17.htm
whgdata\whlstf18.htm
whgdata\whlstf19.htm
whgdata\whlstf20.htm
whgdata\whlstf21.htm
whgdata\whlstf22.htm
whgdata\whlstg0.htm
help_sisbol.htm
help_sisbol_csh.htm
help_sisbol_rhc.htm
